{ Using PSTWRITER 17.2.0 d001Oct-16-2019 at 22:18:30 }

#1 WARNING(ORCAP-36006): Part Name "CAPACITOR NON-POL_CAP0603_0.22UF" is renamed to "CAPACITOR NON-POL_CAP0603_0.22U".
#2 WARNING(ORCAP-36006): Part Name "CAPACITOR NON-POL_CAP3216_6V/22UF" is renamed to "CAPACITOR NON-POL_CAP3216_6V/22".
#3 WARNING(ORCAP-36006): Part Name "CAPACITOR NON-POL_CAP0603_6V/0.1UF" is renamed to "CAPACITOR NON-POL_CAP0603_6V/0.".
#4 WARNING(ORCAP-36006): Part Name "HEADER 8_HEADER1X8_2_54_HEADER 8" is renamed to "HEADER 8_HEADER1X8_2_54_HEADER".
#5 WARNING(ORCAP-36006): Part Name "OV2640_DVP_24P_FPC-24_OV2640_DVP_24P" is renamed to "OV2640_DVP_24P_FPC-24_OV2640_DV".
#6 WARNING(ORCAP-36006): Part Name "HEADER 2_HEADER1X2_2_54_SPEAKER LEFT" is renamed to "HEADER 2_HEADER1X2_2_54_SPEAKER".
#7 WARNING(ORCAP-36006): Part Name "HEADER 2_HEADER1X2_2_54_SPEAKER RIGHT" is renamed to "HEADER 2_HEADER1X2_2_54_SPEAK_1".
#8 WARNING(ORCAP-36006): Part Name "INDUCTOR_BLM15AG221SN1D_BLM15AG102" is renamed to "INDUCTOR_BLM15AG221SN1D_BLM15AG".
#9 WARNING(ORCAP-36006): Part Name "RESAR_IS_4/SM_RN4D02_0402_10K 0402 RESAR" is renamed to "RESAR_IS_4/SM_RN4D02_0402_10K 0".
#10 WARNING(ORCAP-36006): Part Name "TS_018-4.55X3.5X1.8_TS_018-4P55X3P5X1P8_TS_018-4.55X3.5X1.8" is renamed to "TS_018-4.55X3.5X1.8_TS_018-4P55".
#11 WARNING(ORCAP-36006): Part Name "N3292XUXDN_N3292XUXDN-LQFP128_N3292XUXDN" is renamed to "N3292XUXDN_N3292XUXDN-LQFP128_N".
#12 WARNING(ORCAP-36006): Part Name "W29N01 GVSCAA_W290XHVSINA-TSOP48_W29N01" is renamed to "W29N01 GVSCAA_W290XHVSINA-TSOP4".
#13 WARNING(ORCAP-36006): Part Name "ASM1117-SOT223-3_AMS1117-SOT223-3_AMS1117-SOT223-3-3V3" is renamed to "ASM1117-SOT223-3_AMS1117-SOT223".
#14 WARNING(ORCAP-36006): Part Name "ASM1117-SOT223-3_AMS1117-SOT223-3_AMS1117-SOT223-3-1V8" is renamed to "ASM1117-SOT223-3_AMS1117-SOT2_1".
#15 WARNING(ORCAP-36006): Part Name "ASM1117-SOT223-3_AMS1117-SOT223-3_AMS1117-SOT223-3-1V2" is renamed to "ASM1117-SOT223-3_AMS1117-SOT2_2".
INFO(ORCAP-36080): Scanning netlist files ...

Loading... C:\USERS\12187_000\DOCUMENTS\GITHUB\PROJECT.PCB\ALLEGRO\N32926_TINY\ALLEGRO/pstchip.dat

Loading... C:\USERS\12187_000\DOCUMENTS\GITHUB\PROJECT.PCB\ALLEGRO\N32926_TINY\ALLEGRO/pstchip.dat

Loading... C:\USERS\12187_000\DOCUMENTS\GITHUB\PROJECT.PCB\ALLEGRO\N32926_TINY\ALLEGRO/pstxprt.dat

Loading... C:\USERS\12187_000\DOCUMENTS\GITHUB\PROJECT.PCB\ALLEGRO\N32926_TINY\ALLEGRO/pstxnet.dat
packaging the design view...