(---------------------------------------------------------------------)
(                                                                     )
(    Allegro Netrev Import Logic                                      )
(                                                                     )
(    Drawing          : N32926tiny.brd                                )
(    Software Version : 17.2P019                                      )
(    Date/Time        : Wed Oct 16 22:18:48 2019                      )
(                                                                     )
(---------------------------------------------------------------------)


------ Directives ------------

Ripup etch:                  No
Ripup delete first segment:  No
Ripup retain bondwire:       No
Ripup symbols:               Always
Missing symbol has error:    No
DRC update:                  Yes
Schematic directory:         'C:/Users/12187_000/Documents/GitHub/project.pcb/Allegro/N32926_tiny/allegro'
Design Directory:            '.'
Old design name:             'C:/Users/12187_000/Documents/GitHub/project.pcb/Allegro/N32926_tiny/allegro/N32926tiny.brd'
New design name:             'C:/Users/12187_000/Documents/GitHub/project.pcb/Allegro/N32926_tiny/allegro/N32926tiny.brd'

CmdLine: netrev -$ -i C:/Users/12187_000/Documents/GitHub/project.pcb/Allegro/N32926_tiny/allegro -y 1 -q netrev_constraint_report.xml C:/Users/12187_000/Documents/GitHub/project.pcb/Allegro/N32926_tiny/allegro/#Taaaaab04556.tmp

------ Preparing to read pst files ------

Starting to read C:/Users/12187_000/Documents/GitHub/project.pcb/Allegro/N32926_tiny/allegro/pstchip.dat 
   Finished reading C:/Users/12187_000/Documents/GitHub/project.pcb/Allegro/N32926_tiny/allegro/pstchip.dat (00:00:00.06)
Starting to read C:/Users/12187_000/Documents/GitHub/project.pcb/Allegro/N32926_tiny/allegro/pstxprt.dat 
   Finished reading C:/Users/12187_000/Documents/GitHub/project.pcb/Allegro/N32926_tiny/allegro/pstxprt.dat (00:00:00.00)
Starting to read C:/Users/12187_000/Documents/GitHub/project.pcb/Allegro/N32926_tiny/allegro/pstxnet.dat 
   Finished reading C:/Users/12187_000/Documents/GitHub/project.pcb/Allegro/N32926_tiny/allegro/pstxnet.dat (00:00:00.00)

------ Oversights/Warnings/Errors ------


------ Library Paths ------
MODULEPATH =  . 
           C:/Cadence/Cadence_SPB_17.2-2016/share/local/pcb/modules 

PSMPATH =  . 
           symbols 
           .. 
           ../symbols 
           C:/Cadence/Cadence_SPB_17.2-2016/share/local/pcb/symbols 
           C:/Cadence/Cadence_SPB_17.2-2016/share/pcb/pcb_lib/symbols 
           C:/Cadence/Cadence_SPB_17.2-2016/share/pcb/allegrolib/symbols 
           C:/Users/12187_000/Documents/GitHub/AllegroPackages/shape/ 
           C:/Users/12187_000/Documents/GitHub/AllegroPackages/pcb/ 
           C:/Users/12187_000/Documents/GitHub/AllegroPackages/pad/ 

PADPATH =  . 
           symbols 
           .. 
           ../symbols 
           C:/Cadence/Cadence_SPB_17.2-2016/share/local/pcb/padstacks 
           C:/Cadence/Cadence_SPB_17.2-2016/share/pcb/pcb_lib/symbols 
           C:/Cadence/Cadence_SPB_17.2-2016/share/pcb/allegrolib/symbols 
           C:/Users/12187_000/Documents/GitHub/AllegroPackages/pad/ 


------ Summary Statistics ------


netrev run on Oct 16 22:18:48 2019
   DESIGN NAME : 'N32926TINY'
   PACKAGING ON Mar  2 2016 00:37:24

   COMPILE 'logic'
   CHECK_PIN_NAMES OFF
   CROSS_REFERENCE OFF
   FEEDBACK OFF
   INCREMENTAL OFF
   INTERFACE_TYPE PHYSICAL
   MAX_ERRORS 500
   MERGE_MINIMUM 5
   NET_NAME_CHARS '#%&()*+-./:=>?@[]^_`|'
   NET_NAME_LENGTH 24
   OVERSIGHTS ON
   REPLACE_CHECK OFF
   SINGLE_NODE_NETS ON
   SPLIT_MINIMUM 0
   SUPPRESS   20
   WARNINGS ON

 No error detected
 No oversight detected
 No warning detected

cpu time      0:01:13
elapsed time  0:00:00

