Sun Jun 16 11:09:50 2019				Page     1


 
Update Symbols/Modules Logfile
	Sun Jun 16 11:09:50 2019

------ Module Refresh Messages ------

SUMMARY:    Updated 0 out of 0 modules

------ End Module Messages     ------



(---------------------------------------------------------------------)
(                                                                     )
(    Refresh Symbol                                                   )
(                                                                     )
(    Drawing          : c100s_85x45.brd                               )
(    Software Version : 17.2P019                                      )
(    Date/Time        : Sun Jun 16 11:09:51 2019                      )
(                                                                     )
(---------------------------------------------------------------------)


Sun Jun 16 11:09:51 2019				Page     1


------ Symbol Refresh Directives ------

Input design  = 'C:/Users/Administrator/Documents/GitHub/project.pcb/Allegro/F1C100s_00/allegro/c100s_85x45.brd'
Output design = ''

Update mechanical symbols              = 'NO'
Update format symbols                  = 'NO'
Update package symbols                 = 'YES'
Update shape/flash symbols             = 'NO'
Update symbol padstacks                = 'NO'
Preserve padstacks replaced on pins    = 'NO'
Reset symbol text and size locations   = 'NO'
Reset Pin Escapes (fanouts)            = 'NO'
Ripup Etch                             = 'NO'
Reset custom drill data                = 'NO'


------ Library Paths ------
PSMPATH =  . 
           symbols 
           .. 
           ../symbols 
           C:/Cadence/Cadence_SPB_17.2-2016/share/local/pcb/symbols 
           C:/Cadence/Cadence_SPB_17.2-2016/share/pcb/pcb_lib/symbols 
           C:/Cadence/Cadence_SPB_17.2-2016/share/pcb/allegrolib/symbols 
           E:/PCBLib/symbol 
           E:/PCBLib/pin/ 
           C:/Users/Administrator/Documents/GitHub/AllegroPackages/shape/ 
           C:/Users/Administrator/Documents/GitHub/AllegroPackages/pcb/ 
           C:/Users/Administrator/Documents/GitHub/AllegroPackages/pad/ 

PADPATH =  . 
           symbols 
           .. 
           ../symbols 
           C:/Cadence/Cadence_SPB_17.2-2016/share/local/pcb/padstacks 
           C:/Cadence/Cadence_SPB_17.2-2016/share/pcb/pcb_lib/symbols 
           C:/Cadence/Cadence_SPB_17.2-2016/share/pcb/allegrolib/symbols 
           E:/PCBLib/symbol 
           E:/PCBLib/pin/ 
           C:/Users/Administrator/Documents/GitHub/AllegroPackages/pad/ 


------ Symbol Refresh Messages ------

'1N4148-SOD323'  symbol refreshed successfully.
'EA3036-QFN20'  symbol refreshed successfully.
'HEADER1X3_2_54'  symbol refreshed successfully.
'GMI4015-MIC'  symbol refreshed successfully.
'YSX321SL-3_2X2_5X0_8'  symbol refreshed successfully.
'HEADER1X2_2_54'  symbol refreshed successfully.
'PAM8403-SOP16'  symbol refreshed successfully.
'MLF2012'  symbol refreshed successfully.
'TS_018-4P55X3P5X1P8'  symbol refreshed successfully.
'RES0603'  symbol refreshed successfully.
'CAP0603'  symbol refreshed successfully.
'F1C100S-MQFN'  symbol refreshed successfully.
'TF-SOCKET'  symbol refreshed successfully.
'FPC-40'  symbol refreshed successfully.


----- Symbol Update Summary ----

Updated symbols: 14 out 14
    Design updated.

